<?xml version="1.0" encoding="UTF-8"?>
<testsuite name="UserService.UserServiceApplicationTests" time="0" tests="1" errors="0" skipped="1" failures="0">
  <properties>
[...]
</properties>
  <testcase name="contextLoads" classname="UserService.UserServiceApplicationTests" time="0">
    <skipped/>
    <system-out><![CDATA[19:50:00.120 [main] DEBUG o.s.t.c.j.SpringJUnit4ClassRunner - SpringJUnit4ClassRunner constructor called with [class UserService.UserServiceApplicationTests]
19:50:00.120 [main] DEBUG o.s.test.context.BootstrapUtils - Instantiating CacheAwareContextLoaderDelegate from class [org.springframework.test.context.cache.DefaultCacheAwareContextLoaderDelegate]
19:50:00.120 [main] DEBUG o.s.test.context.BootstrapUtils - Instantiating BootstrapContext using constructor [public org.springframework.test.context.support.DefaultBootstrapContext(java.lang.Class,org.springframework.test.context.CacheAwareContextLoaderDelegate)]
19:50:00.121 [main] DEBUG o.s.test.context.BootstrapUtils - Instantiating TestContextBootstrapper for test class [UserService.UserServiceApplicationTests] from class [org.springframework.test.context.support.DefaultTestContextBootstrapper]
19:50:00.134 [main] DEBUG o.s.t.c.s.DefaultTestContextBootstrapper - Found explicit ContextLoader class [org.springframework.boot.test.SpringApplicationContextLoader] for context configuration attributes [ContextConfigurationAttributes@24a35978 declaringClass = 'UserService.UserServiceApplicationTests', classes = '{class com.advantage.accountsoap.AccountserviceApplication}', locations = '{}', inheritLocations = true, initializers = '{}', inheritInitializers = true, name = [null], contextLoaderClass = 'org.springframework.boot.test.SpringApplicationContextLoader']
19:50:00.135 [main] DEBUG o.s.t.c.s.AbstractContextLoader - Did not detect default resource location for test class [UserService.UserServiceApplicationTests]: class path resource [UserService/UserServiceApplicationTests-context.xml] does not exist
19:50:00.136 [main] DEBUG o.s.t.c.s.AbstractContextLoader - Did not detect default resource location for test class [UserService.UserServiceApplicationTests]: class path resource [UserService/UserServiceApplicationTestsContext.groovy] does not exist
19:50:00.136 [main] INFO  o.s.t.c.s.AbstractContextLoader - Could not detect default resource locations for test class [UserService.UserServiceApplicationTests]: no resource found for suffixes {-context.xml, Context.groovy}.
19:50:00.136 [main] DEBUG o.s.t.c.support.ActiveProfilesUtils - Could not find an 'annotation declaring class' for annotation type [org.springframework.test.context.ActiveProfiles] and class [UserService.UserServiceApplicationTests]
19:50:00.137 [main] DEBUG o.s.t.c.s.DefaultTestContextBootstrapper - @TestExecutionListeners is not present for class [UserService.UserServiceApplicationTests]: using defaults.
19:50:00.141 [main] INFO  o.s.t.c.s.DefaultTestContextBootstrapper - Loaded default TestExecutionListener class names from location [META-INF/spring.factories]: [org.springframework.test.context.web.ServletTestExecutionListener, org.springframework.test.context.support.DirtiesContextBeforeModesTestExecutionListener, org.springframework.test.context.support.DependencyInjectionTestExecutionListener, org.springframework.test.context.support.DirtiesContextTestExecutionListener, org.springframework.test.context.transaction.TransactionalTestExecutionListener, org.springframework.test.context.jdbc.SqlScriptsTestExecutionListener]
19:50:00.142 [main] INFO  o.s.t.c.s.DefaultTestContextBootstrapper - Using TestExecutionListeners: [org.springframework.test.context.web.ServletTestExecutionListener@5d11346a, org.springframework.test.context.support.DirtiesContextBeforeModesTestExecutionListener@7a36aefa, org.springframework.test.context.support.DependencyInjectionTestExecutionListener@17211155, org.springframework.test.context.support.DirtiesContextTestExecutionListener@b3d7190, org.springframework.test.context.transaction.TransactionalTestExecutionListener@5fdba6f9, org.springframework.test.context.jdbc.SqlScriptsTestExecutionListener@10d59286]
19:50:00.143 [main] DEBUG o.s.t.annotation.ProfileValueUtils - Retrieved @ProfileValueSourceConfiguration [null] for test class [UserService.UserServiceApplicationTests]
19:50:00.143 [main] DEBUG o.s.t.annotation.ProfileValueUtils - Retrieved ProfileValueSource type [class org.springframework.test.annotation.SystemProfileValueSource] for class [UserService.UserServiceApplicationTests]
19:50:00.143 [main] DEBUG o.s.t.annotation.ProfileValueUtils - Retrieved @ProfileValueSourceConfiguration [null] for test class [UserService.UserServiceApplicationTests]
19:50:00.143 [main] DEBUG o.s.t.annotation.ProfileValueUtils - Retrieved ProfileValueSource type [class org.springframework.test.annotation.SystemProfileValueSource] for class [UserService.UserServiceApplicationTests]
]]></system-out>
  </testcase>
</testsuite>