<?xml version="1.0" encoding="UTF-8"?>
<testsuite name="com.advantage.accountsoap.AccountserviceApplicationTests" time="0" tests="1" errors="0" skipped="1" failures="0">
  <properties>
[...]
</properties>
  <testcase name="contextLoads" classname="com.advantage.accountsoap.AccountserviceApplicationTests" time="0">
    <skipped/>
    <system-out><![CDATA[19:49:59.939 [main] DEBUG o.s.t.c.j.SpringJUnit4ClassRunner - SpringJUnit4ClassRunner constructor called with [class com.advantage.accountsoap.AccountserviceApplicationTests]
19:49:59.950 [main] DEBUG o.s.test.context.BootstrapUtils - Instantiating CacheAwareContextLoaderDelegate from class [org.springframework.test.context.cache.DefaultCacheAwareContextLoaderDelegate]
19:49:59.958 [main] DEBUG o.s.test.context.BootstrapUtils - Instantiating BootstrapContext using constructor [public org.springframework.test.context.support.DefaultBootstrapContext(java.lang.Class,org.springframework.test.context.CacheAwareContextLoaderDelegate)]
19:49:59.974 [main] DEBUG o.s.test.context.BootstrapUtils - Instantiating TestContextBootstrapper for test class [com.advantage.accountsoap.AccountserviceApplicationTests] from class [org.springframework.test.context.support.DefaultTestContextBootstrapper]
19:50:00.008 [main] DEBUG o.s.t.c.s.DefaultTestContextBootstrapper - Found explicit ContextLoader class [org.springframework.boot.test.SpringApplicationContextLoader] for context configuration attributes [ContextConfigurationAttributes@1e6d1014 declaringClass = 'com.advantage.accountsoap.AccountserviceApplicationTests', classes = '{class com.advantage.accountsoap.AccountserviceApplication}', locations = '{}', inheritLocations = true, initializers = '{}', inheritInitializers = true, name = [null], contextLoaderClass = 'org.springframework.boot.test.SpringApplicationContextLoader']
19:50:00.020 [main] DEBUG o.s.t.c.s.AbstractContextLoader - Did not detect default resource location for test class [com.advantage.accountsoap.AccountserviceApplicationTests]: class path resource [com/advantage/accountsoap/AccountserviceApplicationTests-context.xml] does not exist
19:50:00.021 [main] DEBUG o.s.t.c.s.AbstractContextLoader - Did not detect default resource location for test class [com.advantage.accountsoap.AccountserviceApplicationTests]: class path resource [com/advantage/accountsoap/AccountserviceApplicationTestsContext.groovy] does not exist
19:50:00.021 [main] INFO  o.s.t.c.s.AbstractContextLoader - Could not detect default resource locations for test class [com.advantage.accountsoap.AccountserviceApplicationTests]: no resource found for suffixes {-context.xml, Context.groovy}.
19:50:00.024 [main] DEBUG o.s.t.c.support.ActiveProfilesUtils - Could not find an 'annotation declaring class' for annotation type [org.springframework.test.context.ActiveProfiles] and class [com.advantage.accountsoap.AccountserviceApplicationTests]
19:50:00.029 [main] DEBUG o.s.t.c.s.DefaultTestContextBootstrapper - @TestExecutionListeners is not present for class [com.advantage.accountsoap.AccountserviceApplicationTests]: using defaults.
19:50:00.041 [main] INFO  o.s.t.c.s.DefaultTestContextBootstrapper - Loaded default TestExecutionListener class names from location [META-INF/spring.factories]: [org.springframework.test.context.web.ServletTestExecutionListener, org.springframework.test.context.support.DirtiesContextBeforeModesTestExecutionListener, org.springframework.test.context.support.DependencyInjectionTestExecutionListener, org.springframework.test.context.support.DirtiesContextTestExecutionListener, org.springframework.test.context.transaction.TransactionalTestExecutionListener, org.springframework.test.context.jdbc.SqlScriptsTestExecutionListener]
19:50:00.081 [main] INFO  o.s.t.c.s.DefaultTestContextBootstrapper - Using TestExecutionListeners: [org.springframework.test.context.web.ServletTestExecutionListener@569cfc36, org.springframework.test.context.support.DirtiesContextBeforeModesTestExecutionListener@43bd930a, org.springframework.test.context.support.DependencyInjectionTestExecutionListener@33723e30, org.springframework.test.context.support.DirtiesContextTestExecutionListener@64f6106c, org.springframework.test.context.transaction.TransactionalTestExecutionListener@553a3d88, org.springframework.test.context.jdbc.SqlScriptsTestExecutionListener@7a30d1e6]
19:50:00.082 [main] DEBUG o.s.t.c.j.SpringJUnit4ClassRunner - SpringJUnit4ClassRunner constructor called with [class UserService.UserServiceApplicationTests]
19:50:00.082 [main] DEBUG o.s.test.context.BootstrapUtils - Instantiating CacheAwareContextLoaderDelegate from class [org.springframework.test.context.cache.DefaultCacheAwareContextLoaderDelegate]
19:50:00.082 [main] DEBUG o.s.test.context.BootstrapUtils - Instantiating BootstrapContext using constructor [public org.springframework.test.context.support.DefaultBootstrapContext(java.lang.Class,org.springframework.test.context.CacheAwareContextLoaderDelegate)]
19:50:00.083 [main] DEBUG o.s.test.context.BootstrapUtils - Instantiating TestContextBootstrapper for test class [UserService.UserServiceApplicationTests] from class [org.springframework.test.context.support.DefaultTestContextBootstrapper]
19:50:00.086 [main] DEBUG o.s.t.c.s.DefaultTestContextBootstrapper - Found explicit ContextLoader class [org.springframework.boot.test.SpringApplicationContextLoader] for context configuration attributes [ContextConfigurationAttributes@5891e32e declaringClass = 'UserService.UserServiceApplicationTests', classes = '{class com.advantage.accountsoap.AccountserviceApplication}', locations = '{}', inheritLocations = true, initializers = '{}', inheritInitializers = true, name = [null], contextLoaderClass = 'org.springframework.boot.test.SpringApplicationContextLoader']
19:50:00.087 [main] DEBUG o.s.t.c.s.AbstractContextLoader - Did not detect default resource location for test class [UserService.UserServiceApplicationTests]: class path resource [UserService/UserServiceApplicationTests-context.xml] does not exist
19:50:00.088 [main] DEBUG o.s.t.c.s.AbstractContextLoader - Did not detect default resource location for test class [UserService.UserServiceApplicationTests]: class path resource [UserService/UserServiceApplicationTestsContext.groovy] does not exist
19:50:00.088 [main] INFO  o.s.t.c.s.AbstractContextLoader - Could not detect default resource locations for test class [UserService.UserServiceApplicationTests]: no resource found for suffixes {-context.xml, Context.groovy}.
19:50:00.088 [main] DEBUG o.s.t.c.support.ActiveProfilesUtils - Could not find an 'annotation declaring class' for annotation type [org.springframework.test.context.ActiveProfiles] and class [UserService.UserServiceApplicationTests]
19:50:00.089 [main] DEBUG o.s.t.c.s.DefaultTestContextBootstrapper - @TestExecutionListeners is not present for class [UserService.UserServiceApplicationTests]: using defaults.
19:50:00.091 [main] INFO  o.s.t.c.s.DefaultTestContextBootstrapper - Loaded default TestExecutionListener class names from location [META-INF/spring.factories]: [org.springframework.test.context.web.ServletTestExecutionListener, org.springframework.test.context.support.DirtiesContextBeforeModesTestExecutionListener, org.springframework.test.context.support.DependencyInjectionTestExecutionListener, org.springframework.test.context.support.DirtiesContextTestExecutionListener, org.springframework.test.context.transaction.TransactionalTestExecutionListener, org.springframework.test.context.jdbc.SqlScriptsTestExecutionListener]
19:50:00.092 [main] INFO  o.s.t.c.s.DefaultTestContextBootstrapper - Using TestExecutionListeners: [org.springframework.test.context.web.ServletTestExecutionListener@43738a82, org.springframework.test.context.support.DirtiesContextBeforeModesTestExecutionListener@c81cdd1, org.springframework.test.context.support.DependencyInjectionTestExecutionListener@1fc2b765, org.springframework.test.context.support.DirtiesContextTestExecutionListener@75881071, org.springframework.test.context.transaction.TransactionalTestExecutionListener@2a70a3d8, org.springframework.test.context.jdbc.SqlScriptsTestExecutionListener@289d1c02]
19:50:00.098 [main] DEBUG o.s.t.annotation.ProfileValueUtils - Retrieved @ProfileValueSourceConfiguration [null] for test class [com.advantage.accountsoap.AccountserviceApplicationTests]
19:50:00.099 [main] DEBUG o.s.t.annotation.ProfileValueUtils - Retrieved ProfileValueSource type [class org.springframework.test.annotation.SystemProfileValueSource] for class [com.advantage.accountsoap.AccountserviceApplicationTests]
19:50:00.099 [main] DEBUG o.s.t.annotation.ProfileValueUtils - Retrieved @ProfileValueSourceConfiguration [null] for test class [UserService.UserServiceApplicationTests]
19:50:00.100 [main] DEBUG o.s.t.annotation.ProfileValueUtils - Retrieved ProfileValueSource type [class org.springframework.test.annotation.SystemProfileValueSource] for class [UserService.UserServiceApplicationTests]
19:50:00.103 [main] DEBUG o.s.t.c.j.SpringJUnit4ClassRunner - SpringJUnit4ClassRunner constructor called with [class com.advantage.accountsoap.AccountserviceApplicationTests]
19:50:00.103 [main] DEBUG o.s.test.context.BootstrapUtils - Instantiating CacheAwareContextLoaderDelegate from class [org.springframework.test.context.cache.DefaultCacheAwareContextLoaderDelegate]
19:50:00.104 [main] DEBUG o.s.test.context.BootstrapUtils - Instantiating BootstrapContext using constructor [public org.springframework.test.context.support.DefaultBootstrapContext(java.lang.Class,org.springframework.test.context.CacheAwareContextLoaderDelegate)]
19:50:00.104 [main] DEBUG o.s.test.context.BootstrapUtils - Instantiating TestContextBootstrapper for test class [com.advantage.accountsoap.AccountserviceApplicationTests] from class [org.springframework.test.context.support.DefaultTestContextBootstrapper]
19:50:00.107 [main] DEBUG o.s.t.c.s.DefaultTestContextBootstrapper - Found explicit ContextLoader class [org.springframework.boot.test.SpringApplicationContextLoader] for context configuration attributes [ContextConfigurationAttributes@2e3fc542 declaringClass = 'com.advantage.accountsoap.AccountserviceApplicationTests', classes = '{class com.advantage.accountsoap.AccountserviceApplication}', locations = '{}', inheritLocations = true, initializers = '{}', inheritInitializers = true, name = [null], contextLoaderClass = 'org.springframework.boot.test.SpringApplicationContextLoader']
19:50:00.108 [main] DEBUG o.s.t.c.s.AbstractContextLoader - Did not detect default resource location for test class [com.advantage.accountsoap.AccountserviceApplicationTests]: class path resource [com/advantage/accountsoap/AccountserviceApplicationTests-context.xml] does not exist
19:50:00.108 [main] DEBUG o.s.t.c.s.AbstractContextLoader - Did not detect default resource location for test class [com.advantage.accountsoap.AccountserviceApplicationTests]: class path resource [com/advantage/accountsoap/AccountserviceApplicationTestsContext.groovy] does not exist
19:50:00.108 [main] INFO  o.s.t.c.s.AbstractContextLoader - Could not detect default resource locations for test class [com.advantage.accountsoap.AccountserviceApplicationTests]: no resource found for suffixes {-context.xml, Context.groovy}.
19:50:00.109 [main] DEBUG o.s.t.c.support.ActiveProfilesUtils - Could not find an 'annotation declaring class' for annotation type [org.springframework.test.context.ActiveProfiles] and class [com.advantage.accountsoap.AccountserviceApplicationTests]
19:50:00.110 [main] DEBUG o.s.t.c.s.DefaultTestContextBootstrapper - @TestExecutionListeners is not present for class [com.advantage.accountsoap.AccountserviceApplicationTests]: using defaults.
19:50:00.114 [main] INFO  o.s.t.c.s.DefaultTestContextBootstrapper - Loaded default TestExecutionListener class names from location [META-INF/spring.factories]: [org.springframework.test.context.web.ServletTestExecutionListener, org.springframework.test.context.support.DirtiesContextBeforeModesTestExecutionListener, org.springframework.test.context.support.DependencyInjectionTestExecutionListener, org.springframework.test.context.support.DirtiesContextTestExecutionListener, org.springframework.test.context.transaction.TransactionalTestExecutionListener, org.springframework.test.context.jdbc.SqlScriptsTestExecutionListener]
19:50:00.114 [main] INFO  o.s.t.c.s.DefaultTestContextBootstrapper - Using TestExecutionListeners: [org.springframework.test.context.web.ServletTestExecutionListener@10a035a0, org.springframework.test.context.support.DirtiesContextBeforeModesTestExecutionListener@67b467e9, org.springframework.test.context.support.DependencyInjectionTestExecutionListener@47db50c5, org.springframework.test.context.support.DirtiesContextTestExecutionListener@5c072e3f, org.springframework.test.context.transaction.TransactionalTestExecutionListener@4d1b0d2a, org.springframework.test.context.jdbc.SqlScriptsTestExecutionListener@954b04f]
19:50:00.115 [main] DEBUG o.s.t.annotation.ProfileValueUtils - Retrieved @ProfileValueSourceConfiguration [null] for test class [com.advantage.accountsoap.AccountserviceApplicationTests]
19:50:00.115 [main] DEBUG o.s.t.annotation.ProfileValueUtils - Retrieved ProfileValueSource type [class org.springframework.test.annotation.SystemProfileValueSource] for class [com.advantage.accountsoap.AccountserviceApplicationTests]
19:50:00.117 [main] DEBUG o.s.t.annotation.ProfileValueUtils - Retrieved @ProfileValueSourceConfiguration [null] for test class [com.advantage.accountsoap.AccountserviceApplicationTests]
19:50:00.117 [main] DEBUG o.s.t.annotation.ProfileValueUtils - Retrieved ProfileValueSource type [class org.springframework.test.annotation.SystemProfileValueSource] for class [com.advantage.accountsoap.AccountserviceApplicationTests]
]]></system-out>
  </testcase>
</testsuite>