<?xml version="1.0" encoding="UTF-8" ?>
<testsuite tests="3" failures="0" name="com.advantage.catalog_test.online.store.dao.ProductRepositoryTests" time="0.016" errors="0" skipped="0">
  <properties>
[...]
</properties>
  <testcase classname="com.advantage.catalog_test.online.store.dao.ProductRepositoryTests" name="testProductCreate" time="0"/>
  <testcase classname="com.advantage.catalog_test.online.store.dao.ProductRepositoryTests" name="testProductStatus" time="0.002"/>
  <testcase classname="com.advantage.catalog_test.online.store.dao.ProductRepositoryTests" name="testGetCategoryProductsFetch" time="0"/>
</testsuite>